# JRE version: Java(TM) SE Runtime Environment (17.0.10+11) (build 17.0.10+11-LTS-240)
# Java VM: Java HotSpot(TM) 64-Bit Server VM (17.0.10+11-LTS-240, mixed mode, sharing, tiered, compressed oops, compressed class ptrs, g1 gc, windows-amd64)
GC Precious Log:
 CPUs: 8 total, 8 available
 Memory: 16252M
 Large Page Support: Disabled
 NUMA Support: Disabled
 Compressed Oops: Enabled (Zero based)
 Heap Region Size: 2M
 Heap Min Capacity: 8M
 Heap Initial Capacity: 254M
 Heap Max Capacity: 4064M
 Pre-touch: Disabled
 Parallel Workers: 8
 Concurrent Workers: 2
 Concurrent Refinement Workers: 8
 Periodic GC: Disabled
Heap:
 garbage-first heap   total 49152K, used 20580K [0x0000000702000000, 0x0000000800000000)
  region size 2048K, 7 young (14336K), 2 survivors (4096K)
 Metaspace       used 32331K, committed 32704K, reserved 1114112K
  class space    used 4182K, committed 4352K, reserved 1048576K
GC Heap History (12 events):
Event: 0.747 GC heap before
{Heap before GC invocations=0 (full 0):
 garbage-first heap   total 260096K, used 20480K [0x0000000702000000, 0x0000000800000000)
  region size 2048K, 11 young (22528K), 0 survivors (0K)
 Metaspace       used 6248K, committed 6464K, reserved 1114112K
  class space    used 765K, committed 832K, reserved 1048576K
}
Event: 0.752 GC heap after
{Heap after GC invocations=1 (full 0):
 garbage-first heap   total 260096K, used 4363K [0x0000000702000000, 0x0000000800000000)
  region size 2048K, 2 young (4096K), 2 survivors (4096K)
 Metaspace       used 6248K, committed 6464K, reserved 1114112K
  class space    used 765K, committed 832K, reserved 1048576K
}
Event: 1.254 GC heap before
{Heap before GC invocations=1 (full 0):
 garbage-first heap   total 260096K, used 30987K [0x0000000702000000, 0x0000000800000000)
  region size 2048K, 15 young (30720K), 2 survivors (4096K)
 Metaspace       used 12216K, committed 12480K, reserved 1114112K
  class space    used 1665K, committed 1792K, reserved 1048576K
}
Event: 1.259 GC heap after
{Heap after GC invocations=2 (full 0):
 garbage-first heap   total 260096K, used 6334K [0x0000000702000000, 0x0000000800000000)
  region size 2048K, 1 young (2048K), 1 survivors (2048K)
 Metaspace       used 12216K, committed 12480K, reserved 1114112K
  class space    used 1665K, committed 1792K, reserved 1048576K
}
Event: 2.238 GC heap before
{Heap before GC invocations=2 (full 0):
 garbage-first heap   total 260096K, used 55486K [0x0000000702000000, 0x0000000800000000)
  region size 2048K, 26 young (53248K), 1 survivors (2048K)
 Metaspace       used 21251K, committed 21504K, reserved 1114112K
  class space    used 2746K, committed 2880K, reserved 1048576K
}
Event: 2.245 GC heap after
{Heap after GC invocations=3 (full 0):
 garbage-first heap   total 260096K, used 10292K [0x0000000702000000, 0x0000000800000000)
  region size 2048K, 3 young (6144K), 3 survivors (6144K)
 Metaspace       used 21251K, committed 21504K, reserved 1114112K
  class space    used 2746K, committed 2880K, reserved 1048576K
}
Event: 3.083 GC heap before
{Heap before GC invocations=4 (full 0):
 garbage-first heap   total 49152K, used 32820K [0x0000000702000000, 0x0000000800000000)
  region size 2048K, 14 young (28672K), 3 survivors (6144K)
 Metaspace       used 26483K, committed 26944K, reserved 1114112K
  class space    used 3433K, committed 3648K, reserved 1048576K
}
Event: 3.092 GC heap after
{Heap after GC invocations=5 (full 0):
 garbage-first heap   total 49152K, used 12237K [0x0000000702000000, 0x0000000800000000)
  region size 2048K, 2 young (4096K), 2 survivors (4096K)
 Metaspace       used 26483K, committed 26944K, reserved 1114112K
  class space    used 3433K, committed 3648K, reserved 1048576K
}
Event: 3.146 GC heap before
{Heap before GC invocations=5 (full 0):
 garbage-first heap   total 49152K, used 14285K [0x0000000702000000, 0x0000000800000000)
  region size 2048K, 3 young (6144K), 2 survivors (4096K)
 Metaspace       used 26876K, committed 27328K, reserved 1114112K
  class space    used 3489K, committed 3712K, reserved 1048576K
}
Event: 3.150 GC heap after
{Heap after GC invocations=6 (full 0):
 garbage-first heap   total 49152K, used 12829K [0x0000000702000000, 0x0000000800000000)
  region size 2048K, 1 young (2048K), 1 survivors (2048K)
 Metaspace       used 26876K, committed 27328K, reserved 1114112K
  class space    used 3489K, committed 3712K, reserved 1048576K
}
Event: 3.645 GC heap before
{Heap before GC invocations=6 (full 0):
 garbage-first heap   total 49152K, used 31261K [0x0000000702000000, 0x0000000800000000)
  region size 2048K, 10 young (20480K), 1 survivors (2048K)
 Metaspace       used 29820K, committed 30272K, reserved 1114112K
  class space    used 3873K, committed 4096K, reserved 1048576K
}
Event: 3.649 GC heap after
{Heap after GC invocations=7 (full 0):
 garbage-first heap   total 49152K, used 14436K [0x0000000702000000, 0x0000000800000000)
  region size 2048K, 2 young (4096K), 2 survivors (4096K)
 Metaspace       used 29820K, committed 30272K, reserved 1114112K
  class space    used 3873K, committed 4096K, reserved 1048576K
}

